#
# There is insufficient memory for the Java Runtime Environment to continue.
# Native memory allocation (malloc) failed to allocate 83424 bytes for Chunk::new
# Possible reasons:
#   The system is out of physical RAM or swap space
#   In 32 bit mode, the process size limit was hit
# Possible solutions:
#   Reduce memory load on the system
#   Increase physical memory or swap space
#   Check if swap backing store is full
#   Use 64 bit Java on a 64 bit OS
#   Decrease Java heap size (-Xmx/-Xms)
#   Decrease number of Java threads
#   Decrease Java thread stack sizes (-Xss)
#   Set larger code cache with -XX:ReservedCodeCacheSize=
# This output file may be truncated or incomplete.
#
#  Out of Memory Error (allocation.cpp:390), pid=16868, tid=0x0000000000001f28
#
# JRE version: Java(TM) SE Runtime Environment (8.0_111-b14) (build 1.8.0_111-b14)
# Java VM: Java HotSpot(TM) 64-Bit Server VM (25.111-b14 mixed mode windows-amd64 compressed oops)
# Failed to write core dump. Minidumps are not enabled by default on client versions of Windows
#

---------------  T H R E A D  ---------------

Current thread (0x0000000004f0d800):  JavaThread "main" [_thread_in_native, id=7976, stack(0x0000000004db0000,0x0000000004eb0000)]

Stack: [0x0000000004db0000,0x0000000004eb0000]
[error occurred during error reporting (printing stack bounds), id 0xc0000005]

Native frames: (J=compiled Java code, j=interpreted, Vv=VM code, C=native code)

Java frames: (J=compiled Java code, j=interpreted, Vv=VM code)
j  java.lang.ClassLoader.findBootstrapClass(Ljava/lang/String;)Ljava/lang/Class;+0
j  java.lang.ClassLoader.findBootstrapClassOrNull(Ljava/lang/String;)Ljava/lang/Class;+12
j  java.lang.ClassLoader.loadClass(Ljava/lang/String;Z)Ljava/lang/Class;+48
j  java.lang.ClassLoader.loadClass(Ljava/lang/String;Z)Ljava/lang/Class;+38
j  sun.misc.Launcher$AppClassLoader.loadClass(Ljava/lang/String;Z)Ljava/lang/Class;+81
j  java.lang.ClassLoader.loadClass(Ljava/lang/String;)Ljava/lang/Class;+3
v  ~StubRoutines::call_stub
j  java.lang.ClassLoader.defineClass1(Ljava/lang/String;[BIILjava/security/ProtectionDomain;Ljava/lang/String;)Ljava/lang/Class;+0
j  java.lang.ClassLoader.defineClass(Ljava/lang/String;[BIILjava/security/ProtectionDomain;)Ljava/lang/Class;+27
j  java.security.SecureClassLoader.defineClass(Ljava/lang/String;[BIILjava/security/CodeSource;)Ljava/lang/Class;+12
j  java.net.URLClassLoader.defineClass(Ljava/lang/String;Lsun/misc/Resource;)Ljava/lang/Class;+138
j  java.net.URLClassLoader.access$100(Ljava/net/URLClassLoader;Ljava/lang/String;Lsun/misc/Resource;)Ljava/lang/Class;+3
j  java.net.URLClassLoader$1.run()Ljava/lang/Class;+43
j  java.net.URLClassLoader$1.run()Ljava/lang/Object;+1
v  ~StubRoutines::call_stub
j  java.security.AccessController.doPrivileged(Ljava/security/PrivilegedExceptionAction;Ljava/security/AccessControlContext;)Ljava/lang/Object;+0
j  java.net.URLClassLoader.findClass(Ljava/lang/String;)Ljava/lang/Class;+13
j  java.lang.ClassLoader.loadClass(Ljava/lang/String;Z)Ljava/lang/Class;+70
j  sun.misc.Launcher$AppClassLoader.loadClass(Ljava/lang/String;Z)Ljava/lang/Class;+81
j  java.lang.ClassLoader.loadClass(Ljava/lang/String;)Ljava/lang/Class;+3
j  sun.launcher.LauncherHelper.checkAndLoadMain(ZILjava/lang/String;)Ljava/lang/Class;+93
v  ~StubRoutines::call_stub

---------------  P R O C E S S  ---------------

Java Threads: ( => current thread )
  0x000000001b4d0800 JavaThread "Service Thread" daemon [_thread_blocked, id=612, stack(0x000000001b8a0000,0x000000001b9a0000)]
  0x0000000019b72800 JavaThread "C1 CompilerThread2" daemon [_thread_blocked, id=5904, stack(0x000000001b3a0000,0x000000001b4a0000)]
  0x0000000019b6f800 JavaThread "C2 CompilerThread1" daemon [_thread_blocked, id=13160, stack(0x000000001b2a0000,0x000000001b3a0000)]
  0x0000000019b6b800 JavaThread "C2 CompilerThread0" daemon [_thread_blocked, id=10156, stack(0x000000001b1a0000,0x000000001b2a0000)]
  0x0000000019b6a800 JavaThread "Attach Listener" daemon [_thread_blocked, id=27356, stack(0x000000001b0a0000,0x000000001b1a0000)]
  0x0000000019b76000 JavaThread "Signal Dispatcher" daemon [_thread_blocked, id=21672, stack(0x000000001afa0000,0x000000001b0a0000)]
  0x000000000500b000 JavaThread "Finalizer" daemon [_thread_blocked, id=1376, stack(0x000000001adc0000,0x000000001aec0000)]
  0x0000000019b39000 JavaThread "Reference Handler" daemon [_thread_blocked, id=11416, stack(0x000000001acc0000,0x000000001adc0000)]
=>0x0000000004f0d800 JavaThread "main" [_thread_in_native, id=7976, stack(0x0000000004db0000,0x0000000004eb0000)]

Other Threads:
  0x0000000019b37800 VMThread [stack: 0x000000001abc0000,0x000000001acc0000] [id=16312]
  0x000000001b4f5000 WatcherThread [stack: 0x000000001b9a0000,0x000000001baa0000] [id=12780]

VM state:not at safepoint (normal execution)

VM Mutex/Monitor currently owned by a thread: None

Heap:
 PSYoungGen      total 38400K, used 1331K [0x00000000d5d00000, 0x00000000d8780000, 0x0000000100000000)
  eden space 33280K, 4% used [0x00000000d5d00000,0x00000000d5e4cce8,0x00000000d7d80000)
  from space 5120K, 0% used [0x00000000d8280000,0x00000000d8280000,0x00000000d8780000)
  to   space 5120K, 0% used [0x00000000d7d80000,0x00000000d7d80000,0x00000000d8280000)
 ParOldGen       total 87552K, used 0K [0x0000000081600000, 0x0000000086b80000, 0x00000000d5d00000)
  object space 87552K, 0% used [0x0000000081600000,0x0000000081600000,0x0000000086b80000)
 Metaspace       used 2875K, capacity 4494K, committed 4864K, reserved 1056768K
  class space    used 302K, capacity 386K, committed 512K, reserved 1048576K

Card table byte_map: [0x00000000143d0000,0x00000000147d0000] byte_map_base: 0x0000000013fc5000

Marking Bits: (ParMarkBitMap*) 0x000000005224a6c0
 Begin Bits: [0x0000000014e80000, 0x0000000016e28000)
 End Bits:   [0x0000000016e28000, 0x0000000018dd0000)

Polling page: 0x0000000003060000

CodeCache: size=245760Kb used=1109Kb max_used=1109Kb free=244650Kb
 bounds [0x0000000005010000, 0x0000000005280000, 0x0000000014010000]
 total_blobs=260 nmethods=26 adapters=148
 compilation: enabled

Compilation events (10 events):
Event: 0.066 Thread 0x0000000019b72800 nmethod 21 0x0000000005122110 code [0x0000000005122260, 0x0000000005122450]
Event: 0.066 Thread 0x0000000019b72800   22  s    3       java.lang.StringBuffer::append (13 bytes)
Event: 0.067 Thread 0x0000000019b6f800 nmethod 23 0x0000000005125190 code [0x00000000051252e0, 0x0000000005125398]
Event: 0.067 Thread 0x0000000019b72800 nmethod 22 0x0000000005124510 code [0x00000000051246c0, 0x0000000005124dd8]
Event: 0.068 Thread 0x0000000019b72800   24       3       java.lang.String::indexOf (7 bytes)
Event: 0.068 Thread 0x0000000019b72800 nmethod 24 0x0000000005124110 code [0x0000000005124280, 0x0000000005124488]
Event: 0.072 Thread 0x0000000019b72800   25       3       java.lang.String::getChars (62 bytes)
Event: 0.072 Thread 0x0000000019b72800 nmethod 25 0x0000000005122d10 code [0x0000000005122ec0, 0x00000000051232f8]
Event: 0.073 Thread 0x0000000019b72800   26       3       java.lang.AbstractStringBuilder::append (50 bytes)
Event: 0.074 Thread 0x0000000019b72800 nmethod 26 0x0000000005125490 code [0x0000000005125660, 0x0000000005125db8]

GC Heap History (0 events):
No events

Deoptimization events (0 events):
No events

Internal exceptions (2 events):
Event: 0.028 Thread 0x0000000004f0d800 Exception <a 'java/lang/NoSuchMethodError': Method sun.misc.Unsafe.defineClass(Ljava/lang/String;[BII)Ljava/lang/Class; name or signature does not match> (0x00000000d5d07c78) thrown at [C:\re\workspace\8-2-build-windows-amd64-cygwin\jdk8u111\7883\hotspot\
Event: 0.028 Thread 0x0000000004f0d800 Exception <a 'java/lang/NoSuchMethodError': Method sun.misc.Unsafe.prefetchRead(Ljava/lang/Object;J)V name or signature does not match> (0x00000000d5d07f60) thrown at [C:\re\workspace\8-2-build-windows-amd64-cygwin\jdk8u111\7883\hotspot\src\share\vm\prims

Events (10 events):
Event: 0.074 loading class javax/swing/RootPaneContainer
Event: 0.074 loading class javax/swing/RootPaneContainer done
Event: 0.074 loading class javax/swing/TransferHandler$HasGetTransferHandler
Event: 0.074 loading class javax/swing/TransferHandler$HasGetTransferHandler done
Event: 0.074 loading class java/awt/Frame
Event: 0.074 loading class java/awt/MenuContainer
Event: 0.074 loading class java/awt/MenuContainer done
Event: 0.074 loading class java/awt/Window
Event: 0.075 loading class java/awt/Container
Event: 0.075 loading class java/awt/Component


Dynamic libraries:
0x00007ff74b670000 - 0x00007ff74b6a7000 	C:\Program Files\Java\jdk1.8.0_111\bin\java.exe
0x00007ffe047f0000 - 0x00007ffe049d0000 	C:\WINDOWS\SYSTEM32\ntdll.dll
0x00007ffe02220000 - 0x00007ffe022ce000 	C:\WINDOWS\System32\KERNEL32.DLL
0x00007ffe00e60000 - 0x00007ffe010c6000 	C:\WINDOWS\System32\KERNELBASE.dll
0x00007ffe03b70000 - 0x00007ffe03c11000 	C:\WINDOWS\System32\ADVAPI32.dll
0x00007ffe04710000 - 0x00007ffe047ad000 	C:\WINDOWS\System32\msvcrt.dll
0x00007ffe01fe0000 - 0x00007ffe0203b000 	C:\WINDOWS\System32\sechost.dll
0x00007ffe03cf0000 - 0x00007ffe03e0f000 	C:\WINDOWS\System32\RPCRT4.dll
0x00007ffe04540000 - 0x00007ffe046cf000 	C:\WINDOWS\System32\USER32.dll
0x00007ffe00bf0000 - 0x00007ffe00c10000 	C:\WINDOWS\System32\win32u.dll
0x00007ffe04260000 - 0x00007ffe04288000 	C:\WINDOWS\System32\GDI32.dll
0x00007ffe00c10000 - 0x00007ffe00da3000 	C:\WINDOWS\System32\gdi32full.dll
0x00007ffe012b0000 - 0x00007ffe0134b000 	C:\WINDOWS\System32\msvcp_win.dll
0x00007ffe010d0000 - 0x00007ffe011c6000 	C:\WINDOWS\System32\ucrtbase.dll
0x00007ffdf1960000 - 0x00007ffdf1bc9000 	C:\WINDOWS\WinSxS\amd64_microsoft.windows.common-controls_6595b64144ccf1df_6.0.16299.309_none_15cfd4c4935e6b11\COMCTL32.dll
0x00007ffe022d0000 - 0x00007ffe025d8000 	C:\WINDOWS\System32\combase.dll
0x00007ffe01230000 - 0x00007ffe012a2000 	C:\WINDOWS\System32\bcryptPrimitives.dll
0x00007ffe046d0000 - 0x00007ffe046fd000 	C:\WINDOWS\System32\IMM32.DLL
0x0000000052520000 - 0x00000000525f2000 	C:\Program Files\Java\jdk1.8.0_111\jre\bin\msvcr100.dll
0x0000000051a30000 - 0x00000000522ca000 	C:\Program Files\Java\jdk1.8.0_111\jre\bin\server\jvm.dll
0x00007ffe04700000 - 0x00007ffe04708000 	C:\WINDOWS\System32\PSAPI.DLL
0x00007ffdf8720000 - 0x00007ffdf872a000 	C:\WINDOWS\SYSTEM32\VERSION.dll
0x00007ffdf36d0000 - 0x00007ffdf36d9000 	C:\WINDOWS\SYSTEM32\WSOCK32.dll
0x00007ffdf76b0000 - 0x00007ffdf76d3000 	C:\WINDOWS\SYSTEM32\WINMM.dll
0x00007ffe03c80000 - 0x00007ffe03cec000 	C:\WINDOWS\System32\WS2_32.dll
0x00007ffdf6930000 - 0x00007ffdf695a000 	C:\WINDOWS\SYSTEM32\winmmbase.dll
0x00007ffe01c70000 - 0x00007ffe01cba000 	C:\WINDOWS\System32\cfgmgr32.dll
0x0000000055310000 - 0x000000005531f000 	C:\Program Files\Java\jdk1.8.0_111\jre\bin\verify.dll
0x0000000054fb0000 - 0x0000000054fd9000 	C:\Program Files\Java\jdk1.8.0_111\jre\bin\java.dll
0x00000000534b0000 - 0x00000000534c6000 	C:\Program Files\Java\jdk1.8.0_111\jre\bin\zip.dll
0x00007ffe025e0000 - 0x00007ffe03a16000 	C:\WINDOWS\System32\SHELL32.dll
0x00007ffe01f30000 - 0x00007ffe01fd6000 	C:\WINDOWS\System32\shcore.dll
0x00007ffe01350000 - 0x00007ffe01a97000 	C:\WINDOWS\System32\windows.storage.dll
0x00007ffe01d60000 - 0x00007ffe01db1000 	C:\WINDOWS\System32\shlwapi.dll
0x00007ffe00b60000 - 0x00007ffe00b71000 	C:\WINDOWS\System32\kernel.appcore.dll
0x00007ffe00b80000 - 0x00007ffe00bcc000 	C:\WINDOWS\System32\powrprof.dll
0x00007ffe00b40000 - 0x00007ffe00b5b000 	C:\WINDOWS\System32\profapi.dll

VM Arguments:
jvm_args: -Dfile.encoding=UTF-8 
java_command: laboratuvar_sonuc_takip.ProgramInterface
java_class_path (initial): C:\Program Files\NetBeans 8.2\java\modules\ext\AbsoluteLayout.jar;C:\Users\Lenovo\Documents\NetBeansProjects\Laboratuvar_Sonuc_Takip\build\classes
Launcher Type: SUN_STANDARD

Environment Variables:
PATH=C:\ProgramData\Oracle\Java\javapath;C:\Windows\system32;C:\Windows;C:\Windows\System32\Wbem;C:\Windows\System32\WindowsPowerShell\v1.0\;C:\Program Files (x86)\NVIDIA Corporation\PhysX\Common;C:\Program Files (x86)\Windows Live\Shared;C:\Program Files\Intel\WiFi\bin\;C:\Program Files\Common Files\Intel\WirelessCommon\;C:\WINDOWS\system32\config\systemprofile\.dnx\bin;C:\Program Files\Microsoft DNX\Dnvm\;C:\Program Files\Microsoft SQL Server\130\Tools\Binn\;C:\Program Files\Microsoft SQL Server\110\Tools\Binn\;c:\Program Files (x86)\Microsoft SQL Server\110\Tools\Binn\ManagementStudio\;c:\Program Files (x86)\Microsoft SQL Server\110\Tools\Binn\;c:\Program Files (x86)\Microsoft SQL Server\110\DTS\Binn\;C:\Program Files\Microsoft SQL Server\Client SDK\ODBC\130\Tools\Binn\;C:\Program Files (x86)\Microsoft SQL Server\130\Tools\Binn\;C:\Program Files\Microsoft SQL Server\130\DTS\Binn\;C:\Program Files (x86)\Microsoft SQL Server\Client SDK\ODBC\130\Tools\Binn\;C:\Program Files (x86)\Microsoft SQL Server\140\Tools\Binn\;C:\Program Files (x86)\Microsoft SQL Server\140\DTS\Binn\;C:\Program Files (x86)\Microsoft SQL Server\140\Tools\Binn\ManagementStudio\;C:\WINDOWS\system32;C:\WINDOWS;C:\WINDOWS\System32\Wbem;C:\WINDOWS\System32\WindowsPowerShell\v1.0\;C:\Users\Lenovo\Anaconda3;C:\Users\Lenovo\Anaconda3\Library\mingw-w64\bin;C:\Users\Lenovo\Anaconda3\Library\usr\bin;C:\Users\Lenovo\Anaconda3\Library\bin;C:\Users\Lenovo\Anaconda3\Scripts;C:\Users\Lenovo\AppData\Local\Microsoft\WindowsApps;
USERNAME=Lenovo
OS=Windows_NT
PROCESSOR_IDENTIFIER=Intel64 Family 6 Model 78 Stepping 3, GenuineIntel



---------------  S Y S T E M  ---------------

OS: Windows 10.0 , 64 bit Build 16299 (10.0.16299.15)

CPU:total 4 (2 cores per cpu, 2 threads per core) family 6 model 78 stepping 3, cmov, cx8, fxsr, mmx, sse, sse2, sse3, ssse3, sse4.1, sse4.2, popcnt, avx, avx2, aes, clmul, erms, 3dnowpref, lzcnt, ht, tsc, tscinvbit, bmi1, bmi2, adx

Memory: 4k page, physical 8292256k(2632192k free), swap 15460256k(4532k free)

vm_info: Java HotSpot(TM) 64-Bit Server VM (25.111-b14) for windows-amd64 JRE (1.8.0_111-b14), built on Sep 22 2016 19:24:05 by "java_re" with MS VC++ 10.0 (VS2010)

time: Wed Apr 04 14:33:18 2018
elapsed time: 0 seconds (0d 0h 0m 0s)

