#
# There is insufficient memory for the Java Runtime Environment to continue.
# Native memory allocation (malloc) failed to allocate 1048576 bytes for AllocateHeap
# Possible reasons:
#   The system is out of physical RAM or swap space
#   In 32 bit mode, the process size limit was hit
# Possible solutions:
#   Reduce memory load on the system
#   Increase physical memory or swap space
#   Check if swap backing store is full
#   Use 64 bit Java on a 64 bit OS
#   Decrease Java heap size (-Xmx/-Xms)
#   Decrease number of Java threads
#   Decrease Java thread stack sizes (-Xss)
#   Set larger code cache with -XX:ReservedCodeCacheSize=
# This output file may be truncated or incomplete.
#
#  Out of Memory Error (memory/allocation.inline.hpp:61), pid=20844, tid=0x0000000000005698
#
# JRE version:  (8.0_111-b14) (build )
# Java VM: Java HotSpot(TM) 64-Bit Server VM (25.111-b14 mixed mode windows-amd64 compressed oops)
# Failed to write core dump. Minidumps are not enabled by default on client versions of Windows
#

---------------  T H R E A D  ---------------

Current thread (0x0000000004a2d800):  JavaThread "Unknown thread" [_thread_in_vm, id=22168, stack(0x0000000004a30000,0x0000000004b30000)]

Stack: [0x0000000004a30000,0x0000000004b30000]
[error occurred during error reporting (printing stack bounds), id 0xc0000005]

Native frames: (J=compiled Java code, j=interpreted, Vv=VM code, C=native code)


---------------  P R O C E S S  ---------------

Java Threads: ( => current thread )

Other Threads:

=>0x0000000004a2d800 (exited) JavaThread "Unknown thread" [_thread_in_vm, id=22168, stack(0x0000000004a30000,0x0000000004b30000)]

VM state:not at safepoint (normal execution)

VM Mutex/Monitor currently owned by a thread: None

Heap:
 PSYoungGen      total 38400K, used 665K [0x00000000d5d00000, 0x00000000d8780000, 0x0000000100000000)
  eden space 33280K, 2% used [0x00000000d5d00000,0x00000000d5da6670,0x00000000d7d80000)
  from space 5120K, 0% used [0x00000000d8280000,0x00000000d8280000,0x00000000d8780000)
  to   space 5120K, 0% used [0x00000000d7d80000,0x00000000d7d80000,0x00000000d8280000)
 ParOldGen       total 87552K, used 0K [0x0000000081600000, 0x0000000086b80000, 0x00000000d5d00000)
  object space 87552K, 0% used [0x0000000081600000,0x0000000081600000,0x0000000086b80000)
 Metaspace       used 770K, capacity 4480K, committed 4480K, reserved 1056768K
  class space    used 75K, capacity 384K, committed 384K, reserved 1048576K

Card table byte_map: [0x0000000014070000,0x0000000014470000] byte_map_base: 0x0000000013c65000

Marking Bits: (ParMarkBitMap*) 0x000000005224a6c0
 Begin Bits: [0x0000000014b20000, 0x0000000016ac8000)
 End Bits:   [0x0000000016ac8000, 0x0000000018a70000)

Polling page: 0x00000000049f0000

CodeCache: size=245760Kb used=328Kb max_used=328Kb free=245431Kb
 bounds [0x0000000004cb0000, 0x0000000004f20000, 0x0000000013cb0000]
 total_blobs=58 nmethods=0 adapters=38
 compilation: enabled

Compilation events (0 events):
No events

GC Heap History (0 events):
No events

Deoptimization events (0 events):
No events

Internal exceptions (0 events):
No events

Events (10 events):
Event: 0.021 loading class java/lang/Short
Event: 0.021 loading class java/lang/Short done
Event: 0.021 loading class java/lang/Integer
Event: 0.021 loading class java/lang/Integer done
Event: 0.021 loading class java/lang/Long
Event: 0.022 loading class java/lang/Long done
Event: 0.022 loading class java/lang/NullPointerException
Event: 0.022 loading class java/lang/NullPointerException done
Event: 0.022 loading class java/lang/ArithmeticException
Event: 0.022 loading class java/lang/ArithmeticException done


Dynamic libraries:
0x00007ff74b670000 - 0x00007ff74b6a7000 	C:\Program Files\Java\jdk1.8.0_111\bin\java.exe
0x00007ffe047f0000 - 0x00007ffe049d0000 	C:\WINDOWS\SYSTEM32\ntdll.dll
0x00007ffe02220000 - 0x00007ffe022ce000 	C:\WINDOWS\System32\KERNEL32.DLL
0x00007ffe00e60000 - 0x00007ffe010c6000 	C:\WINDOWS\System32\KERNELBASE.dll
0x00007ffe03b70000 - 0x00007ffe03c11000 	C:\WINDOWS\System32\ADVAPI32.dll
0x00007ffe04710000 - 0x00007ffe047ad000 	C:\WINDOWS\System32\msvcrt.dll
0x00007ffe01fe0000 - 0x00007ffe0203b000 	C:\WINDOWS\System32\sechost.dll
0x00007ffe03cf0000 - 0x00007ffe03e0f000 	C:\WINDOWS\System32\RPCRT4.dll
0x00007ffe04540000 - 0x00007ffe046cf000 	C:\WINDOWS\System32\USER32.dll
0x00007ffe00bf0000 - 0x00007ffe00c10000 	C:\WINDOWS\System32\win32u.dll
0x00007ffe04260000 - 0x00007ffe04288000 	C:\WINDOWS\System32\GDI32.dll
0x00007ffe00c10000 - 0x00007ffe00da3000 	C:\WINDOWS\System32\gdi32full.dll
0x00007ffe012b0000 - 0x00007ffe0134b000 	C:\WINDOWS\System32\msvcp_win.dll
0x00007ffe010d0000 - 0x00007ffe011c6000 	C:\WINDOWS\System32\ucrtbase.dll
0x00007ffdf1960000 - 0x00007ffdf1bc9000 	C:\WINDOWS\WinSxS\amd64_microsoft.windows.common-controls_6595b64144ccf1df_6.0.16299.309_none_15cfd4c4935e6b11\COMCTL32.dll
0x00007ffe022d0000 - 0x00007ffe025d8000 	C:\WINDOWS\System32\combase.dll
0x00007ffe01230000 - 0x00007ffe012a2000 	C:\WINDOWS\System32\bcryptPrimitives.dll
0x00007ffe046d0000 - 0x00007ffe046fd000 	C:\WINDOWS\System32\IMM32.DLL
0x0000000052520000 - 0x00000000525f2000 	C:\Program Files\Java\jdk1.8.0_111\jre\bin\msvcr100.dll
0x0000000051a30000 - 0x00000000522ca000 	C:\Program Files\Java\jdk1.8.0_111\jre\bin\server\jvm.dll
0x00007ffe04700000 - 0x00007ffe04708000 	C:\WINDOWS\System32\PSAPI.DLL
0x00007ffdf36d0000 - 0x00007ffdf36d9000 	C:\WINDOWS\SYSTEM32\WSOCK32.dll
0x00007ffdf76b0000 - 0x00007ffdf76d3000 	C:\WINDOWS\SYSTEM32\WINMM.dll
0x00007ffdf8720000 - 0x00007ffdf872a000 	C:\WINDOWS\SYSTEM32\VERSION.dll
0x00007ffe03c80000 - 0x00007ffe03cec000 	C:\WINDOWS\System32\WS2_32.dll
0x00007ffdf6930000 - 0x00007ffdf695a000 	C:\WINDOWS\SYSTEM32\winmmbase.dll
0x00007ffe01c70000 - 0x00007ffe01cba000 	C:\WINDOWS\System32\cfgmgr32.dll
0x0000000055310000 - 0x000000005531f000 	C:\Program Files\Java\jdk1.8.0_111\jre\bin\verify.dll
0x0000000054fb0000 - 0x0000000054fd9000 	C:\Program Files\Java\jdk1.8.0_111\jre\bin\java.dll
0x00000000534b0000 - 0x00000000534c6000 	C:\Program Files\Java\jdk1.8.0_111\jre\bin\zip.dll

VM Arguments:
jvm_args: -Dfile.encoding=UTF-8 
java_command: laboratuvar_sonuc_takip.ProgramInterface
java_class_path (initial): C:\Program Files\NetBeans 8.2\java\modules\ext\AbsoluteLayout.jar;C:\Users\Lenovo\Documents\NetBeansProjects\Laboratuvar_Sonuc_Takip\build\classes
Launcher Type: SUN_STANDARD

Environment Variables:
PATH=C:\ProgramData\Oracle\Java\javapath;C:\Windows\system32;C:\Windows;C:\Windows\System32\Wbem;C:\Windows\System32\WindowsPowerShell\v1.0\;C:\Program Files (x86)\NVIDIA Corporation\PhysX\Common;C:\Program Files (x86)\Windows Live\Shared;C:\Program Files\Intel\WiFi\bin\;C:\Program Files\Common Files\Intel\WirelessCommon\;C:\WINDOWS\system32\config\systemprofile\.dnx\bin;C:\Program Files\Microsoft DNX\Dnvm\;C:\Program Files\Microsoft SQL Server\130\Tools\Binn\;C:\Program Files\Microsoft SQL Server\110\Tools\Binn\;c:\Program Files (x86)\Microsoft SQL Server\110\Tools\Binn\ManagementStudio\;c:\Program Files (x86)\Microsoft SQL Server\110\Tools\Binn\;c:\Program Files (x86)\Microsoft SQL Server\110\DTS\Binn\;C:\Program Files\Microsoft SQL Server\Client SDK\ODBC\130\Tools\Binn\;C:\Program Files (x86)\Microsoft SQL Server\130\Tools\Binn\;C:\Program Files\Microsoft SQL Server\130\DTS\Binn\;C:\Program Files (x86)\Microsoft SQL Server\Client SDK\ODBC\130\Tools\Binn\;C:\Program Files (x86)\Microsoft SQL Server\140\Tools\Binn\;C:\Program Files (x86)\Microsoft SQL Server\140\DTS\Binn\;C:\Program Files (x86)\Microsoft SQL Server\140\Tools\Binn\ManagementStudio\;C:\WINDOWS\system32;C:\WINDOWS;C:\WINDOWS\System32\Wbem;C:\WINDOWS\System32\WindowsPowerShell\v1.0\;C:\Users\Lenovo\Anaconda3;C:\Users\Lenovo\Anaconda3\Library\mingw-w64\bin;C:\Users\Lenovo\Anaconda3\Library\usr\bin;C:\Users\Lenovo\Anaconda3\Library\bin;C:\Users\Lenovo\Anaconda3\Scripts;C:\Users\Lenovo\AppData\Local\Microsoft\WindowsApps;
USERNAME=Lenovo
OS=Windows_NT
PROCESSOR_IDENTIFIER=Intel64 Family 6 Model 78 Stepping 3, GenuineIntel



---------------  S Y S T E M  ---------------

OS: Windows 10.0 , 64 bit Build 16299 (10.0.16299.15)

CPU:total 4 (2 cores per cpu, 2 threads per core) family 6 model 78 stepping 3, cmov, cx8, fxsr, mmx, sse, sse2, sse3, ssse3, sse4.1, sse4.2, popcnt, avx, avx2, aes, clmul, erms, 3dnowpref, lzcnt, ht, tsc, tscinvbit, bmi1, bmi2, adx

Memory: 4k page, physical 8292256k(2596924k free), swap 15460256k(5900k free)

vm_info: Java HotSpot(TM) 64-Bit Server VM (25.111-b14) for windows-amd64 JRE (1.8.0_111-b14), built on Sep 22 2016 19:24:05 by "java_re" with MS VC++ 10.0 (VS2010)

time: Wed Apr 04 14:33:06 2018
elapsed time: 0 seconds (0d 0h 0m 0s)

